<?xml version="1.0" encoding="UTF-8"?>
<testng-results skipped="0" failed="1" total="3" passed="2">
  <reporter-output>
  </reporter-output>
  <suite name="Default suite" duration-ms="5244" started-at="2019-05-08T15:33:26Z" finished-at="2019-05-08T15:33:31Z">
    <groups>
    </groups>
    <test name="Default test" duration-ms="5244" started-at="2019-05-08T15:33:26Z" finished-at="2019-05-08T15:33:31Z">
      <class name="test.test.RickAndMortyCharacterTest">
        <test-method status="PASS" signature="verifyThatGetCharacterReturn200()[pri:0, instance:test.test.RickAndMortyCharacterTest@1810399e]" name="verifyThatGetCharacterReturn200" duration-ms="2347" started-at="2019-05-08T09:33:26Z" finished-at="2019-05-08T09:33:28Z">
          <reporter-output>
          </reporter-output>
        </test-method> <!-- verifyThatGetCharacterReturn200 -->
        <test-method status="PASS" signature="verifyThatGetCharacterReturnAtLeast20Characters()[pri:0, instance:test.test.RickAndMortyCharacterTest@1810399e]" name="verifyThatGetCharacterReturnAtLeast20Characters" duration-ms="1780" started-at="2019-05-08T09:33:28Z" finished-at="2019-05-08T09:33:30Z">
          <reporter-output>
          </reporter-output>
        </test-method> <!-- verifyThatGetCharacterReturnAtLeast20Characters -->
        <test-method status="FAIL" signature="verifyThatThefilterNameIsWorkingAsExpected()[pri:0, instance:test.test.RickAndMortyCharacterTest@1810399e]" name="verifyThatThefilterNameIsWorkingAsExpected" duration-ms="1096" started-at="2019-05-08T09:33:30Z" finished-at="2019-05-08T09:33:31Z">
          <exception class="java.lang.AssertionError">
            <message>
              <![CDATA[1 expectation failed.
JSON path results.name doesn't match.
Expected: every item is a string containing "rick"
  Actual: [Rick Sanchez, Black Rick, Cool Rick, Cop Rick, Cowboy Rick, Mega Fruit Farmer Rick, Pickle Rick, Plumber Rick, Rick D716-B, Rick D716-C, Rick J-22, Rick K-22, Slow Rick, Teacher Rick, Woman Rick, Baby Rick, Hairdresser Rick, Journalist Rick, Secret Service Rick, Steve Jobs Rick]
]]>
            </message>
            <full-stacktrace>
              <![CDATA[java.lang.AssertionError: 1 expectation failed.
JSON path results.name doesn't match.
Expected: every item is a string containing "rick"
  Actual: [Rick Sanchez, Black Rick, Cool Rick, Cop Rick, Cowboy Rick, Mega Fruit Farmer Rick, Pickle Rick, Plumber Rick, Rick D716-B, Rick D716-C, Rick J-22, Rick K-22, Slow Rick, Teacher Rick, Woman Rick, Baby Rick, Hairdresser Rick, Journalist Rick, Secret Service Rick, Steve Jobs Rick]

	at sun.reflect.NativeConstructorAccessorImpl.newInstance0(Native Method)
	at sun.reflect.NativeConstructorAccessorImpl.newInstance(NativeConstructorAccessorImpl.java:62)
	at sun.reflect.DelegatingConstructorAccessorImpl.newInstance(DelegatingConstructorAccessorImpl.java:45)
	at java.lang.reflect.Constructor.newInstance(Constructor.java:423)
	at org.codehaus.groovy.reflection.CachedConstructor.invoke(CachedConstructor.java:83)
	at org.codehaus.groovy.reflection.CachedConstructor.doConstructorInvoke(CachedConstructor.java:77)
	at org.codehaus.groovy.runtime.callsite.ConstructorSite$ConstructorSiteNoUnwrap.callConstructor(ConstructorSite.java:84)
	at org.codehaus.groovy.runtime.callsite.CallSiteArray.defaultCallConstructor(CallSiteArray.java:59)
	at org.codehaus.groovy.runtime.callsite.AbstractCallSite.callConstructor(AbstractCallSite.java:238)
	at org.codehaus.groovy.runtime.callsite.AbstractCallSite.callConstructor(AbstractCallSite.java:250)
	at io.restassured.internal.ResponseSpecificationImpl$HamcrestAssertionClosure.validate(ResponseSpecificationImpl.groovy:494)
	at io.restassured.internal.ResponseSpecificationImpl$HamcrestAssertionClosure$validate$1.call(Unknown Source)
	at io.restassured.internal.ResponseSpecificationImpl.validateResponseIfRequired(ResponseSpecificationImpl.groovy:656)
	at sun.reflect.NativeMethodAccessorImpl.invoke0(Native Method)
	at sun.reflect.NativeMethodAccessorImpl.invoke(NativeMethodAccessorImpl.java:62)
	at sun.reflect.DelegatingMethodAccessorImpl.invoke(DelegatingMethodAccessorImpl.java:43)
	at java.lang.reflect.Method.invoke(Method.java:498)
	at org.codehaus.groovy.runtime.callsite.PogoMetaMethodSite$PogoCachedMethodSiteNoUnwrapNoCoerce.invoke(PogoMetaMethodSite.java:210)
	at org.codehaus.groovy.runtime.callsite.PogoMetaMethodSite.callCurrent(PogoMetaMethodSite.java:59)
	at org.codehaus.groovy.runtime.callsite.CallSiteArray.defaultCallCurrent(CallSiteArray.java:51)
	at org.codehaus.groovy.runtime.callsite.AbstractCallSite.callCurrent(AbstractCallSite.java:157)
	at org.codehaus.groovy.runtime.callsite.AbstractCallSite.callCurrent(AbstractCallSite.java:169)
	at io.restassured.internal.ResponseSpecificationImpl.content(ResponseSpecificationImpl.groovy:277)
	at io.restassured.specification.ResponseSpecification$content$1.callCurrent(Unknown Source)
	at org.codehaus.groovy.runtime.callsite.CallSiteArray.defaultCallCurrent(CallSiteArray.java:51)
	at org.codehaus.groovy.runtime.callsite.AbstractCallSite.callCurrent(AbstractCallSite.java:157)
	at org.codehaus.groovy.runtime.callsite.AbstractCallSite.callCurrent(AbstractCallSite.java:193)
	at io.restassured.internal.ResponseSpecificationImpl.body(ResponseSpecificationImpl.groovy:260)
	at io.restassured.internal.ValidatableResponseOptionsImpl.body(ValidatableResponseOptionsImpl.java:274)
	at test.test.RickAndMortyCharacterTest.verifyThatThefilterNameIsWorkingAsExpected(RickAndMortyCharacterTest.java:106)
	at sun.reflect.NativeMethodAccessorImpl.invoke0(Native Method)
	at sun.reflect.NativeMethodAccessorImpl.invoke(NativeMethodAccessorImpl.java:62)
	at sun.reflect.DelegatingMethodAccessorImpl.invoke(DelegatingMethodAccessorImpl.java:43)
	at java.lang.reflect.Method.invoke(Method.java:498)
	at org.testng.internal.MethodInvocationHelper.invokeMethod(MethodInvocationHelper.java:84)
	at org.testng.internal.Invoker.invokeMethod(Invoker.java:714)
	at org.testng.internal.Invoker.invokeTestMethod(Invoker.java:901)
	at org.testng.internal.Invoker.invokeTestMethods(Invoker.java:1231)
	at org.testng.internal.TestMethodWorker.invokeTestMethods(TestMethodWorker.java:127)
	at org.testng.internal.TestMethodWorker.run(TestMethodWorker.java:111)
	at org.testng.TestRunner.privateRun(TestRunner.java:767)
	at org.testng.TestRunner.run(TestRunner.java:617)
	at org.testng.SuiteRunner.runTest(SuiteRunner.java:348)
	at org.testng.SuiteRunner.runSequentially(SuiteRunner.java:343)
	at org.testng.SuiteRunner.privateRun(SuiteRunner.java:305)
	at org.testng.SuiteRunner.run(SuiteRunner.java:254)
	at org.testng.SuiteRunnerWorker.runSuite(SuiteRunnerWorker.java:52)
	at org.testng.SuiteRunnerWorker.run(SuiteRunnerWorker.java:86)
	at org.testng.TestNG.runSuitesSequentially(TestNG.java:1224)
	at org.testng.TestNG.runSuitesLocally(TestNG.java:1149)
	at org.testng.TestNG.run(TestNG.java:1057)
	at org.testng.remote.AbstractRemoteTestNG.run(AbstractRemoteTestNG.java:115)
	at org.testng.remote.RemoteTestNG.initAndRun(RemoteTestNG.java:251)
	at org.testng.remote.RemoteTestNG.main(RemoteTestNG.java:77)
]]>
            </full-stacktrace>
          </exception> <!-- java.lang.AssertionError -->
          <reporter-output>
          </reporter-output>
        </test-method> <!-- verifyThatThefilterNameIsWorkingAsExpected -->
      </class> <!-- test.test.RickAndMortyCharacterTest -->
    </test> <!-- Default test -->
  </suite> <!-- Default suite -->
</testng-results>
